#***************************************************************************

#sjplacer

#Version:            1.1

#Build Date:         Sep  9 2019 11:47:43

#File Generated:     Jun 20 2021 16:53:31

#Purpose:            

#Copyright (C) 2010-2011 by Softjin Technologies Pvt Ltd. All rights reserved.

#***************************************************************************

Executing : C:\Program Files (x86)\Cypress\PSoC Creator\4.4\PSoC Creator\bin/sjplacer.exe --proj-name DTR-1 v2 HW --netlist-vh2 DTR-1 v2 HW_p.vh2 --arch p35_udb4x6 --arch-file C:\Program Files (x86)\Cypress\PSoC Creator\4.4\PSoC Creator\dev\arch/udbdsi_4x6_24.cydata --ip-file C:\Program Files (x86)\Cypress\PSoC Creator\4.4\PSoC Creator\dev\psoc5/psoc5lp/ip_blocks.cydata --rrg-file C:\Program Files (x86)\Cypress\PSoC Creator\4.4\PSoC Creator\dev\psoc5/psoc5lp/route_arch-rrg.cydata --irq-file C:\Program Files (x86)\Cypress\PSoC Creator\4.4\PSoC Creator\dev\psoc5/psoc5lp/irqconn.cydata --drq-file C:\Program Files (x86)\Cypress\PSoC Creator\4.4\PSoC Creator\dev\psoc5/psoc5lp/dmaconn.cydata --dsi-conn-file C:\Program Files (x86)\Cypress\PSoC Creator\4.4\PSoC Creator\dev\psoc5/psoc5lp/dsiconn.cydata --pins-file pins_68-QFN.xml --lib-file DTR-1 v2 HW_p.lib --sdc-file DTR-1 v2 HW.sdc --io-pcf DTR-1 v2 HW.pci --outdir .

		Softjin Techologies Placer, Version 1.1

Build Date : Sep  9 2019	11:45:12

D2004: Option and Settings Summary
=============================================================
Netlist vh2 file          - DTR-1 v2 HW_p.vh2
Architecture file         - C:\Program Files (x86)\Cypress\PSoC Creator\4.4\PSoC Creator\dev\arch/udbdsi_4x6_24.cydata
Package                   - 
Defparam file             - 
SDC file                  - DTR-1 v2 HW.sdc
Output directory          - .
Timing library            - DTR-1 v2 HW_p.lib
IO Placement file         - DTR-1 v2 HW.pci

D2050: Starting reading inputs for placer
=============================================================
D2065: Reading netlist file : "DTR-1 v2 HW_p.vh2"
D2065: Reading arch file : "C:\Program Files (x86)\Cypress\PSoC Creator\4.4\PSoC Creator\dev\arch/udbdsi_4x6_24.cydata"
D2051: Reading of inputs for placer completed successfully

D2053: Starting placement of the design
=============================================================

Phase 2
Phase 3

Design Statistics after Packing
    Number of Combinational MCs 	:	33
    Number of Sequential MCs    	:	52
    Number of DPs               	:	7
    Number of Controls          	:	7
    Number of Status            	:	10
    Number of SyncCells         	:	8
    Number of count7cells       	:	1

Device Utilization Summary after Packing
    Macrocells                  :	85/192
    UDBS                        :	19/24
    IOs                         :	46/72


D2088: Phase 3, elapsed time : 0.0 (sec)

Phase 4
D2088: Phase 4, elapsed time : 0.0 (sec)

Phase 5
D2088: Phase 5, elapsed time : 0.0 (sec)

Phase 6

######################################################################
Placement Timing Summary

The timing summary is based on estimated routing delays after
placement. For final timing report, please carry out the timing
analysis after routing.
======================================================================

######################################################################
                     Clock Summary 
======================================================================
Number of clocks: 13
Clock: Clk_1kHz             | Frequency: N/A       | Target:   0.0 MHz
Clock: Clk_1kHz(routed)     | Frequency: N/A       | Target:   0.0 MHz
Clock: Clk_24MHz            | Frequency:  40.3 MHz | Target:  26.3 MHz
Clock: Clock_1              | Frequency:  19.1 MHz | Target:   7.9 MHz
Clock: CyBUS_CLK            | Frequency:  19.1 MHz | Target:  78.9 MHz
Clock: CyBUS_CLK(fixed-function) | Frequency: N/A       | Target:  78.9 MHz
Clock: CyILO                | Frequency: N/A       | Target:   0.1 MHz
Clock: CyIMO                | Frequency: N/A       | Target:  24.0 MHz
Clock: CyMASTER_CLK         | Frequency: N/A       | Target:  78.9 MHz
Clock: CyPLL_OUT            | Frequency: N/A       | Target:  78.9 MHz
Clock: M1(0)_PAD            | Frequency: N/A       | Target:   0.1 MHz
Clock: MR(0)_PAD            | Frequency: N/A       | Target:   0.1 MHz
Clock: UART_IntClock        | Frequency:  40.7 MHz | Target:   0.9 MHz

======================================================================
                     End of Clock Summary
######################################################################

D2088: Phase 6, elapsed time : 0.1 (sec)

Phase 7
######################################################################
                     Clock Summary 
======================================================================
Number of clocks: 13
Clock: Clk_1kHz             | Frequency: N/A       | Target:   0.0 MHz
Clock: Clk_1kHz(routed)     | Frequency: N/A       | Target:   0.0 MHz
Clock: Clk_24MHz            | Frequency:  47.8 MHz | Target:  26.3 MHz
Clock: Clock_1              | Frequency:  20.9 MHz | Target:   7.9 MHz
Clock: CyBUS_CLK            | Frequency:  20.9 MHz | Target:  78.9 MHz
Clock: CyBUS_CLK(fixed-function) | Frequency: N/A       | Target:  78.9 MHz
Clock: CyILO                | Frequency: N/A       | Target:   0.1 MHz
Clock: CyIMO                | Frequency: N/A       | Target:  24.0 MHz
Clock: CyMASTER_CLK         | Frequency: N/A       | Target:  78.9 MHz
Clock: CyPLL_OUT            | Frequency: N/A       | Target:  78.9 MHz
Clock: M1(0)_PAD            | Frequency: N/A       | Target:   0.1 MHz
Clock: MR(0)_PAD            | Frequency: N/A       | Target:   0.1 MHz
Clock: UART_IntClock        | Frequency:  47.5 MHz | Target:   0.9 MHz

======================================================================
                     End of Clock Summary
######################################################################
D2088: Phase 7, elapsed time : 1.7 (sec)

Final Design Statistics
    Number of Combinational MCs 	:	33
    Number of Sequential MCs    	:	52
    Number of DPs               	:	7
    Number of Controls          	:	7
    Number of Status            	:	10
    Number of SyncCells         	:	8
    Number of count7cells       	:	1
    Number of IOs       	:	46

Device Utilization Summary
    Macrocells                  :	85/192
    IOs                         :	46/72



######################################################################
Placement Timing Summary

The timing summary is based on estimated routing delays after
placement. For final timing report, please carry out the timing
analysis after routing.
======================================================================


######################################################################
                     Clock Summary 
======================================================================
Number of clocks: 13
Clock: Clk_1kHz             | Frequency: N/A       | Target:   0.0 MHz
Clock: Clk_1kHz(routed)     | Frequency: N/A       | Target:   0.0 MHz
Clock: Clk_24MHz            | Frequency:  34.3 MHz | Target:  26.3 MHz
Clock: Clock_1              | Frequency:  21.6 MHz | Target:   7.9 MHz
Clock: CyBUS_CLK            | Frequency:  21.6 MHz | Target:  78.9 MHz
Clock: CyBUS_CLK(fixed-function) | Frequency: N/A       | Target:  78.9 MHz
Clock: CyILO                | Frequency: N/A       | Target:   0.1 MHz
Clock: CyIMO                | Frequency: N/A       | Target:  24.0 MHz
Clock: CyMASTER_CLK         | Frequency: N/A       | Target:  78.9 MHz
Clock: CyPLL_OUT            | Frequency: N/A       | Target:  78.9 MHz
Clock: M1(0)_PAD            | Frequency: N/A       | Target:   0.1 MHz
Clock: MR(0)_PAD            | Frequency: N/A       | Target:   0.1 MHz
Clock: UART_IntClock        | Frequency:  50.6 MHz | Target:   0.9 MHz

======================================================================
                     End of Clock Summary
######################################################################

Phase 8
D2088: Phase 8, elapsed time : 0.0 (sec)

D2054: Placement of the design completed successfully

I2076: Total run-time: 2.3 sec.

