ARM GAS  C:\Users\Kiwi\AppData\Local\Temp\cc51fWkw.s 			page 1


   1              		.syntax unified
   2              		.cpu cortex-m3
   3              		.fpu softvfp
   4              		.eabi_attribute 20, 1
   5              		.eabi_attribute 21, 1
   6              		.eabi_attribute 23, 3
   7              		.eabi_attribute 24, 1
   8              		.eabi_attribute 25, 1
   9              		.eabi_attribute 26, 1
  10              		.eabi_attribute 30, 4
  11              		.eabi_attribute 34, 1
  12              		.eabi_attribute 18, 4
  13              		.thumb
  14              		.syntax unified
  15              		.file	"Dta.c"
  16              		.text
  17              	.Ltext0:
  18              		.cfi_sections	.debug_frame
  19              		.section	.text.Dta_Write,"ax",%progbits
  20              		.align	1
  21              		.global	Dta_Write
  22              		.thumb
  23              		.thumb_func
  24              		.type	Dta_Write, %function
  25              	Dta_Write:
  26              	.LFB0:
  27              		.file 1 "Generated_Source\\PSoC5\\Dta.c"
   1:Generated_Source\PSoC5/Dta.c **** /*******************************************************************************
   2:Generated_Source\PSoC5/Dta.c **** * File Name: Dta.c  
   3:Generated_Source\PSoC5/Dta.c **** * Version 2.20
   4:Generated_Source\PSoC5/Dta.c **** *
   5:Generated_Source\PSoC5/Dta.c **** * Description:
   6:Generated_Source\PSoC5/Dta.c **** *  This file contains API to enable firmware control of a Pins component.
   7:Generated_Source\PSoC5/Dta.c **** *
   8:Generated_Source\PSoC5/Dta.c **** * Note:
   9:Generated_Source\PSoC5/Dta.c **** *
  10:Generated_Source\PSoC5/Dta.c **** ********************************************************************************
  11:Generated_Source\PSoC5/Dta.c **** * Copyright 2008-2015, Cypress Semiconductor Corporation.  All rights reserved.
  12:Generated_Source\PSoC5/Dta.c **** * You may use this file only in accordance with the license, terms, conditions, 
  13:Generated_Source\PSoC5/Dta.c **** * disclaimers, and limitations in the end user license agreement accompanying 
  14:Generated_Source\PSoC5/Dta.c **** * the software package with which this file was provided.
  15:Generated_Source\PSoC5/Dta.c **** *******************************************************************************/
  16:Generated_Source\PSoC5/Dta.c **** 
  17:Generated_Source\PSoC5/Dta.c **** #include "cytypes.h"
  18:Generated_Source\PSoC5/Dta.c **** #include "Dta.h"
  19:Generated_Source\PSoC5/Dta.c **** 
  20:Generated_Source\PSoC5/Dta.c **** /* APIs are not generated for P15[7:6] on PSoC 5 */
  21:Generated_Source\PSoC5/Dta.c **** #if !(CY_PSOC5A &&\
  22:Generated_Source\PSoC5/Dta.c **** 	 Dta__PORT == 15 && ((Dta__MASK & 0xC0) != 0))
  23:Generated_Source\PSoC5/Dta.c **** 
  24:Generated_Source\PSoC5/Dta.c **** 
  25:Generated_Source\PSoC5/Dta.c **** /*******************************************************************************
  26:Generated_Source\PSoC5/Dta.c **** * Function Name: Dta_Write
  27:Generated_Source\PSoC5/Dta.c **** ****************************************************************************//**
  28:Generated_Source\PSoC5/Dta.c **** *
  29:Generated_Source\PSoC5/Dta.c **** * \brief Writes the value to the physical port (data output register), masking
  30:Generated_Source\PSoC5/Dta.c **** *  and shifting the bits appropriately. 
ARM GAS  C:\Users\Kiwi\AppData\Local\Temp\cc51fWkw.s 			page 2


  31:Generated_Source\PSoC5/Dta.c **** *
  32:Generated_Source\PSoC5/Dta.c **** * The data output register controls the signal applied to the physical pin in 
  33:Generated_Source\PSoC5/Dta.c **** * conjunction with the drive mode parameter. This function avoids changing 
  34:Generated_Source\PSoC5/Dta.c **** * other bits in the port by using the appropriate method (read-modify-write or
  35:Generated_Source\PSoC5/Dta.c **** * bit banding).
  36:Generated_Source\PSoC5/Dta.c **** *
  37:Generated_Source\PSoC5/Dta.c **** * <b>Note</b> This function should not be used on a hardware digital output pin 
  38:Generated_Source\PSoC5/Dta.c **** * as it is driven by the hardware signal attached to it.
  39:Generated_Source\PSoC5/Dta.c **** *
  40:Generated_Source\PSoC5/Dta.c **** * \param value
  41:Generated_Source\PSoC5/Dta.c **** *  Value to write to the component instance.
  42:Generated_Source\PSoC5/Dta.c **** *
  43:Generated_Source\PSoC5/Dta.c **** * \return 
  44:Generated_Source\PSoC5/Dta.c **** *  None 
  45:Generated_Source\PSoC5/Dta.c **** *
  46:Generated_Source\PSoC5/Dta.c **** * \sideeffect
  47:Generated_Source\PSoC5/Dta.c **** *  If you use read-modify-write operations that are not atomic; the Interrupt 
  48:Generated_Source\PSoC5/Dta.c **** *  Service Routines (ISR) can cause corruption of this function. An ISR that 
  49:Generated_Source\PSoC5/Dta.c **** *  interrupts this function and performs writes to the Pins component data 
  50:Generated_Source\PSoC5/Dta.c **** *  register can cause corrupted port data. To avoid this issue, you should 
  51:Generated_Source\PSoC5/Dta.c **** *  either use the Per-Pin APIs (primary method) or disable interrupts around 
  52:Generated_Source\PSoC5/Dta.c **** *  this function.
  53:Generated_Source\PSoC5/Dta.c **** *
  54:Generated_Source\PSoC5/Dta.c **** * \funcusage
  55:Generated_Source\PSoC5/Dta.c **** *  \snippet Dta_SUT.c usage_Dta_Write
  56:Generated_Source\PSoC5/Dta.c **** *******************************************************************************/
  57:Generated_Source\PSoC5/Dta.c **** void Dta_Write(uint8 value)
  58:Generated_Source\PSoC5/Dta.c **** {
  28              		.loc 1 58 0
  29              		.cfi_startproc
  30              		@ args = 0, pretend = 0, frame = 0
  31              		@ frame_needed = 0, uses_anonymous_args = 0
  32              		@ link register save eliminated.
  33              	.LVL0:
  59:Generated_Source\PSoC5/Dta.c ****     uint8 staticBits = (Dta_DR & (uint8)(~Dta_MASK));
  34              		.loc 1 59 0
  35 0000 014B     		ldr	r3, .L2
  36 0002 1A78     		ldrb	r2, [r3]	@ zero_extendqisi2
  37              	.LVL1:
  60:Generated_Source\PSoC5/Dta.c ****     Dta_DR = staticBits | ((uint8)(value << Dta_SHIFT) & Dta_MASK);
  38              		.loc 1 60 0
  39 0004 1870     		strb	r0, [r3]
  40 0006 7047     		bx	lr
  41              	.L3:
  42              		.align	2
  43              	.L2:
  44 0008 00510040 		.word	1073762560
  45              		.cfi_endproc
  46              	.LFE0:
  47              		.size	Dta_Write, .-Dta_Write
  48              		.section	.text.Dta_SetDriveMode,"ax",%progbits
  49              		.align	1
  50              		.global	Dta_SetDriveMode
  51              		.thumb
  52              		.thumb_func
  53              		.type	Dta_SetDriveMode, %function
  54              	Dta_SetDriveMode:
ARM GAS  C:\Users\Kiwi\AppData\Local\Temp\cc51fWkw.s 			page 3


  55              	.LFB1:
  61:Generated_Source\PSoC5/Dta.c **** }
  62:Generated_Source\PSoC5/Dta.c **** 
  63:Generated_Source\PSoC5/Dta.c **** 
  64:Generated_Source\PSoC5/Dta.c **** /*******************************************************************************
  65:Generated_Source\PSoC5/Dta.c **** * Function Name: Dta_SetDriveMode
  66:Generated_Source\PSoC5/Dta.c **** ****************************************************************************//**
  67:Generated_Source\PSoC5/Dta.c **** *
  68:Generated_Source\PSoC5/Dta.c **** * \brief Sets the drive mode for each of the Pins component's pins.
  69:Generated_Source\PSoC5/Dta.c **** * 
  70:Generated_Source\PSoC5/Dta.c **** * <b>Note</b> This affects all pins in the Pins component instance. Use the
  71:Generated_Source\PSoC5/Dta.c **** * Per-Pin APIs if you wish to control individual pin's drive modes.
  72:Generated_Source\PSoC5/Dta.c **** *
  73:Generated_Source\PSoC5/Dta.c **** * \param mode
  74:Generated_Source\PSoC5/Dta.c **** *  Mode for the selected signals. Valid options are documented in 
  75:Generated_Source\PSoC5/Dta.c **** *  \ref driveMode.
  76:Generated_Source\PSoC5/Dta.c **** *
  77:Generated_Source\PSoC5/Dta.c **** * \return
  78:Generated_Source\PSoC5/Dta.c **** *  None
  79:Generated_Source\PSoC5/Dta.c **** *
  80:Generated_Source\PSoC5/Dta.c **** * \sideeffect
  81:Generated_Source\PSoC5/Dta.c **** *  If you use read-modify-write operations that are not atomic, the ISR can
  82:Generated_Source\PSoC5/Dta.c **** *  cause corruption of this function. An ISR that interrupts this function 
  83:Generated_Source\PSoC5/Dta.c **** *  and performs writes to the Pins component Drive Mode registers can cause 
  84:Generated_Source\PSoC5/Dta.c **** *  corrupted port data. To avoid this issue, you should either use the Per-Pin
  85:Generated_Source\PSoC5/Dta.c **** *  APIs (primary method) or disable interrupts around this function.
  86:Generated_Source\PSoC5/Dta.c **** *
  87:Generated_Source\PSoC5/Dta.c **** * \funcusage
  88:Generated_Source\PSoC5/Dta.c **** *  \snippet Dta_SUT.c usage_Dta_SetDriveMode
  89:Generated_Source\PSoC5/Dta.c **** *******************************************************************************/
  90:Generated_Source\PSoC5/Dta.c **** void Dta_SetDriveMode(uint8 mode)
  91:Generated_Source\PSoC5/Dta.c **** {
  56              		.loc 1 91 0
  57              		.cfi_startproc
  58              		@ args = 0, pretend = 0, frame = 0
  59              		@ frame_needed = 0, uses_anonymous_args = 0
  60              		@ link register save eliminated.
  61              	.LVL2:
  92:Generated_Source\PSoC5/Dta.c **** 	CyPins_SetPinDriveMode(Dta_0, mode);
  62              		.loc 1 92 0
  63 0000 154A     		ldr	r2, .L5
  64 0002 00F00E00 		and	r0, r0, #14
  65              	.LVL3:
  66 0006 1378     		ldrb	r3, [r2]	@ zero_extendqisi2
  67 0008 03F0F103 		and	r3, r3, #241
  68 000c 0343     		orrs	r3, r3, r0
  69 000e 1370     		strb	r3, [r2]
  93:Generated_Source\PSoC5/Dta.c **** 	CyPins_SetPinDriveMode(Dta_1, mode);
  70              		.loc 1 93 0
  71 0010 5378     		ldrb	r3, [r2, #1]	@ zero_extendqisi2
  72 0012 03F0F103 		and	r3, r3, #241
  73 0016 0343     		orrs	r3, r3, r0
  74 0018 5370     		strb	r3, [r2, #1]
  94:Generated_Source\PSoC5/Dta.c **** 	CyPins_SetPinDriveMode(Dta_2, mode);
  75              		.loc 1 94 0
  76 001a 9378     		ldrb	r3, [r2, #2]	@ zero_extendqisi2
  77 001c 03F0F103 		and	r3, r3, #241
ARM GAS  C:\Users\Kiwi\AppData\Local\Temp\cc51fWkw.s 			page 4


  78 0020 0343     		orrs	r3, r3, r0
  79 0022 9370     		strb	r3, [r2, #2]
  95:Generated_Source\PSoC5/Dta.c **** 	CyPins_SetPinDriveMode(Dta_3, mode);
  80              		.loc 1 95 0
  81 0024 D378     		ldrb	r3, [r2, #3]	@ zero_extendqisi2
  82 0026 03F0F103 		and	r3, r3, #241
  83 002a 0343     		orrs	r3, r3, r0
  84 002c D370     		strb	r3, [r2, #3]
  96:Generated_Source\PSoC5/Dta.c **** 	CyPins_SetPinDriveMode(Dta_4, mode);
  85              		.loc 1 96 0
  86 002e 1379     		ldrb	r3, [r2, #4]	@ zero_extendqisi2
  87 0030 03F0F103 		and	r3, r3, #241
  88 0034 0343     		orrs	r3, r3, r0
  89 0036 1371     		strb	r3, [r2, #4]
  97:Generated_Source\PSoC5/Dta.c **** 	CyPins_SetPinDriveMode(Dta_5, mode);
  90              		.loc 1 97 0
  91 0038 5379     		ldrb	r3, [r2, #5]	@ zero_extendqisi2
  92 003a 03F0F103 		and	r3, r3, #241
  93 003e 0343     		orrs	r3, r3, r0
  94 0040 5371     		strb	r3, [r2, #5]
  98:Generated_Source\PSoC5/Dta.c **** 	CyPins_SetPinDriveMode(Dta_6, mode);
  95              		.loc 1 98 0
  96 0042 9379     		ldrb	r3, [r2, #6]	@ zero_extendqisi2
  97 0044 03F0F103 		and	r3, r3, #241
  98 0048 0343     		orrs	r3, r3, r0
  99 004a 9371     		strb	r3, [r2, #6]
  99:Generated_Source\PSoC5/Dta.c **** 	CyPins_SetPinDriveMode(Dta_7, mode);
 100              		.loc 1 99 0
 101 004c D379     		ldrb	r3, [r2, #7]	@ zero_extendqisi2
 102 004e 03F0F103 		and	r3, r3, #241
 103 0052 1843     		orrs	r0, r0, r3
 104 0054 D071     		strb	r0, [r2, #7]
 105 0056 7047     		bx	lr
 106              	.L6:
 107              		.align	2
 108              	.L5:
 109 0058 00500040 		.word	1073762304
 110              		.cfi_endproc
 111              	.LFE1:
 112              		.size	Dta_SetDriveMode, .-Dta_SetDriveMode
 113              		.section	.text.Dta_Read,"ax",%progbits
 114              		.align	1
 115              		.global	Dta_Read
 116              		.thumb
 117              		.thumb_func
 118              		.type	Dta_Read, %function
 119              	Dta_Read:
 120              	.LFB2:
 100:Generated_Source\PSoC5/Dta.c **** }
 101:Generated_Source\PSoC5/Dta.c **** 
 102:Generated_Source\PSoC5/Dta.c **** 
 103:Generated_Source\PSoC5/Dta.c **** /*******************************************************************************
 104:Generated_Source\PSoC5/Dta.c **** * Function Name: Dta_Read
 105:Generated_Source\PSoC5/Dta.c **** ****************************************************************************//**
 106:Generated_Source\PSoC5/Dta.c **** *
 107:Generated_Source\PSoC5/Dta.c **** * \brief Reads the associated physical port (pin status register) and masks 
 108:Generated_Source\PSoC5/Dta.c **** *  the required bits according to the width and bit position of the component
ARM GAS  C:\Users\Kiwi\AppData\Local\Temp\cc51fWkw.s 			page 5


 109:Generated_Source\PSoC5/Dta.c **** *  instance. 
 110:Generated_Source\PSoC5/Dta.c **** *
 111:Generated_Source\PSoC5/Dta.c **** * The pin's status register returns the current logic level present on the 
 112:Generated_Source\PSoC5/Dta.c **** * physical pin.
 113:Generated_Source\PSoC5/Dta.c **** *
 114:Generated_Source\PSoC5/Dta.c **** * \return 
 115:Generated_Source\PSoC5/Dta.c **** *  The current value for the pins in the component as a right justified number.
 116:Generated_Source\PSoC5/Dta.c **** *
 117:Generated_Source\PSoC5/Dta.c **** * \funcusage
 118:Generated_Source\PSoC5/Dta.c **** *  \snippet Dta_SUT.c usage_Dta_Read  
 119:Generated_Source\PSoC5/Dta.c **** *******************************************************************************/
 120:Generated_Source\PSoC5/Dta.c **** uint8 Dta_Read(void)
 121:Generated_Source\PSoC5/Dta.c **** {
 121              		.loc 1 121 0
 122              		.cfi_startproc
 123              		@ args = 0, pretend = 0, frame = 0
 124              		@ frame_needed = 0, uses_anonymous_args = 0
 125              		@ link register save eliminated.
 122:Generated_Source\PSoC5/Dta.c ****     return (Dta_PS & Dta_MASK) >> Dta_SHIFT;
 126              		.loc 1 122 0
 127 0000 014B     		ldr	r3, .L8
 128 0002 1878     		ldrb	r0, [r3]	@ zero_extendqisi2
 123:Generated_Source\PSoC5/Dta.c **** }
 129              		.loc 1 123 0
 130 0004 7047     		bx	lr
 131              	.L9:
 132 0006 00BF     		.align	2
 133              	.L8:
 134 0008 01510040 		.word	1073762561
 135              		.cfi_endproc
 136              	.LFE2:
 137              		.size	Dta_Read, .-Dta_Read
 138              		.section	.text.Dta_ReadDataReg,"ax",%progbits
 139              		.align	1
 140              		.global	Dta_ReadDataReg
 141              		.thumb
 142              		.thumb_func
 143              		.type	Dta_ReadDataReg, %function
 144              	Dta_ReadDataReg:
 145              	.LFB3:
 124:Generated_Source\PSoC5/Dta.c **** 
 125:Generated_Source\PSoC5/Dta.c **** 
 126:Generated_Source\PSoC5/Dta.c **** /*******************************************************************************
 127:Generated_Source\PSoC5/Dta.c **** * Function Name: Dta_ReadDataReg
 128:Generated_Source\PSoC5/Dta.c **** ****************************************************************************//**
 129:Generated_Source\PSoC5/Dta.c **** *
 130:Generated_Source\PSoC5/Dta.c **** * \brief Reads the associated physical port's data output register and masks 
 131:Generated_Source\PSoC5/Dta.c **** *  the correct bits according to the width and bit position of the component 
 132:Generated_Source\PSoC5/Dta.c **** *  instance. 
 133:Generated_Source\PSoC5/Dta.c **** *
 134:Generated_Source\PSoC5/Dta.c **** * The data output register controls the signal applied to the physical pin in 
 135:Generated_Source\PSoC5/Dta.c **** * conjunction with the drive mode parameter. This is not the same as the 
 136:Generated_Source\PSoC5/Dta.c **** * preferred Dta_Read() API because the 
 137:Generated_Source\PSoC5/Dta.c **** * Dta_ReadDataReg() reads the data register instead of the status 
 138:Generated_Source\PSoC5/Dta.c **** * register. For output pins this is a useful function to determine the value 
 139:Generated_Source\PSoC5/Dta.c **** * just written to the pin.
 140:Generated_Source\PSoC5/Dta.c **** *
ARM GAS  C:\Users\Kiwi\AppData\Local\Temp\cc51fWkw.s 			page 6


 141:Generated_Source\PSoC5/Dta.c **** * \return 
 142:Generated_Source\PSoC5/Dta.c **** *  The current value of the data register masked and shifted into a right 
 143:Generated_Source\PSoC5/Dta.c **** *  justified number for the component instance.
 144:Generated_Source\PSoC5/Dta.c **** *
 145:Generated_Source\PSoC5/Dta.c **** * \funcusage
 146:Generated_Source\PSoC5/Dta.c **** *  \snippet Dta_SUT.c usage_Dta_ReadDataReg 
 147:Generated_Source\PSoC5/Dta.c **** *******************************************************************************/
 148:Generated_Source\PSoC5/Dta.c **** uint8 Dta_ReadDataReg(void)
 149:Generated_Source\PSoC5/Dta.c **** {
 146              		.loc 1 149 0
 147              		.cfi_startproc
 148              		@ args = 0, pretend = 0, frame = 0
 149              		@ frame_needed = 0, uses_anonymous_args = 0
 150              		@ link register save eliminated.
 150:Generated_Source\PSoC5/Dta.c ****     return (Dta_DR & Dta_MASK) >> Dta_SHIFT;
 151              		.loc 1 150 0
 152 0000 014B     		ldr	r3, .L11
 153 0002 1878     		ldrb	r0, [r3]	@ zero_extendqisi2
 151:Generated_Source\PSoC5/Dta.c **** }
 154              		.loc 1 151 0
 155 0004 7047     		bx	lr
 156              	.L12:
 157 0006 00BF     		.align	2
 158              	.L11:
 159 0008 00510040 		.word	1073762560
 160              		.cfi_endproc
 161              	.LFE3:
 162              		.size	Dta_ReadDataReg, .-Dta_ReadDataReg
 163              		.text
 164              	.Letext0:
 165              		.file 2 "Generated_Source\\PSoC5\\cytypes.h"
 166              		.section	.debug_info,"",%progbits
 167              	.Ldebug_info0:
 168 0000 18010000 		.4byte	0x118
 169 0004 0400     		.2byte	0x4
 170 0006 00000000 		.4byte	.Ldebug_abbrev0
 171 000a 04       		.byte	0x4
 172 000b 01       		.uleb128 0x1
 173 000c E7000000 		.4byte	.LASF20
 174 0010 0C       		.byte	0xc
 175 0011 51000000 		.4byte	.LASF21
 176 0015 1A000000 		.4byte	.LASF22
 177 0019 00000000 		.4byte	.Ldebug_ranges0+0
 178 001d 00000000 		.4byte	0
 179 0021 00000000 		.4byte	.Ldebug_line0
 180 0025 02       		.uleb128 0x2
 181 0026 01       		.byte	0x1
 182 0027 06       		.byte	0x6
 183 0028 C1010000 		.4byte	.LASF0
 184 002c 02       		.uleb128 0x2
 185 002d 01       		.byte	0x1
 186 002e 08       		.byte	0x8
 187 002f 9B000000 		.4byte	.LASF1
 188 0033 02       		.uleb128 0x2
 189 0034 02       		.byte	0x2
 190 0035 05       		.byte	0x5
 191 0036 97010000 		.4byte	.LASF2
ARM GAS  C:\Users\Kiwi\AppData\Local\Temp\cc51fWkw.s 			page 7


 192 003a 02       		.uleb128 0x2
 193 003b 02       		.byte	0x2
 194 003c 07       		.byte	0x7
 195 003d C0000000 		.4byte	.LASF3
 196 0041 02       		.uleb128 0x2
 197 0042 04       		.byte	0x4
 198 0043 05       		.byte	0x5
 199 0044 B8010000 		.4byte	.LASF4
 200 0048 02       		.uleb128 0x2
 201 0049 04       		.byte	0x4
 202 004a 07       		.byte	0x7
 203 004b AE000000 		.4byte	.LASF5
 204 004f 02       		.uleb128 0x2
 205 0050 08       		.byte	0x8
 206 0051 05       		.byte	0x5
 207 0052 84010000 		.4byte	.LASF6
 208 0056 02       		.uleb128 0x2
 209 0057 08       		.byte	0x8
 210 0058 07       		.byte	0x7
 211 0059 74000000 		.4byte	.LASF7
 212 005d 03       		.uleb128 0x3
 213 005e 04       		.byte	0x4
 214 005f 05       		.byte	0x5
 215 0060 696E7400 		.ascii	"int\000"
 216 0064 02       		.uleb128 0x2
 217 0065 04       		.byte	0x4
 218 0066 07       		.byte	0x7
 219 0067 DA000000 		.4byte	.LASF8
 220 006b 04       		.uleb128 0x4
 221 006c A1010000 		.4byte	.LASF12
 222 0070 02       		.byte	0x2
 223 0071 E901     		.2byte	0x1e9
 224 0073 2C000000 		.4byte	0x2c
 225 0077 02       		.uleb128 0x2
 226 0078 04       		.byte	0x4
 227 0079 04       		.byte	0x4
 228 007a 6E000000 		.4byte	.LASF9
 229 007e 02       		.uleb128 0x2
 230 007f 08       		.byte	0x8
 231 0080 04       		.byte	0x4
 232 0081 D3000000 		.4byte	.LASF10
 233 0085 02       		.uleb128 0x2
 234 0086 01       		.byte	0x1
 235 0087 08       		.byte	0x8
 236 0088 92010000 		.4byte	.LASF11
 237 008c 04       		.uleb128 0x4
 238 008d A9000000 		.4byte	.LASF13
 239 0091 02       		.byte	0x2
 240 0092 9302     		.2byte	0x293
 241 0094 98000000 		.4byte	0x98
 242 0098 05       		.uleb128 0x5
 243 0099 6B000000 		.4byte	0x6b
 244 009d 06       		.uleb128 0x6
 245 009e 7A010000 		.4byte	.LASF14
 246 00a2 01       		.byte	0x1
 247 00a3 39       		.byte	0x39
 248 00a4 00000000 		.4byte	.LFB0
ARM GAS  C:\Users\Kiwi\AppData\Local\Temp\cc51fWkw.s 			page 8


 249 00a8 0C000000 		.4byte	.LFE0-.LFB0
 250 00ac 01       		.uleb128 0x1
 251 00ad 9C       		.byte	0x9c
 252 00ae CC000000 		.4byte	0xcc
 253 00b2 07       		.uleb128 0x7
 254 00b3 00000000 		.4byte	.LASF16
 255 00b7 01       		.byte	0x1
 256 00b8 39       		.byte	0x39
 257 00b9 6B000000 		.4byte	0x6b
 258 00bd 01       		.uleb128 0x1
 259 00be 50       		.byte	0x50
 260 00bf 08       		.uleb128 0x8
 261 00c0 0F000000 		.4byte	.LASF23
 262 00c4 01       		.byte	0x1
 263 00c5 3B       		.byte	0x3b
 264 00c6 6B000000 		.4byte	0x6b
 265 00ca 00       		.byte	0
 266 00cb 00       		.byte	0
 267 00cc 06       		.uleb128 0x6
 268 00cd A7010000 		.4byte	.LASF15
 269 00d1 01       		.byte	0x1
 270 00d2 5A       		.byte	0x5a
 271 00d3 00000000 		.4byte	.LFB1
 272 00d7 5C000000 		.4byte	.LFE1-.LFB1
 273 00db 01       		.uleb128 0x1
 274 00dc 9C       		.byte	0x9c
 275 00dd F1000000 		.4byte	0xf1
 276 00e1 09       		.uleb128 0x9
 277 00e2 75010000 		.4byte	.LASF17
 278 00e6 01       		.byte	0x1
 279 00e7 5A       		.byte	0x5a
 280 00e8 6B000000 		.4byte	0x6b
 281 00ec 00000000 		.4byte	.LLST0
 282 00f0 00       		.byte	0
 283 00f1 0A       		.uleb128 0xa
 284 00f2 06000000 		.4byte	.LASF18
 285 00f6 01       		.byte	0x1
 286 00f7 78       		.byte	0x78
 287 00f8 6B000000 		.4byte	0x6b
 288 00fc 00000000 		.4byte	.LFB2
 289 0100 0C000000 		.4byte	.LFE2-.LFB2
 290 0104 01       		.uleb128 0x1
 291 0105 9C       		.byte	0x9c
 292 0106 0A       		.uleb128 0xa
 293 0107 8B000000 		.4byte	.LASF19
 294 010b 01       		.byte	0x1
 295 010c 94       		.byte	0x94
 296 010d 6B000000 		.4byte	0x6b
 297 0111 00000000 		.4byte	.LFB3
 298 0115 0C000000 		.4byte	.LFE3-.LFB3
 299 0119 01       		.uleb128 0x1
 300 011a 9C       		.byte	0x9c
 301 011b 00       		.byte	0
 302              		.section	.debug_abbrev,"",%progbits
 303              	.Ldebug_abbrev0:
 304 0000 01       		.uleb128 0x1
 305 0001 11       		.uleb128 0x11
ARM GAS  C:\Users\Kiwi\AppData\Local\Temp\cc51fWkw.s 			page 9


 306 0002 01       		.byte	0x1
 307 0003 25       		.uleb128 0x25
 308 0004 0E       		.uleb128 0xe
 309 0005 13       		.uleb128 0x13
 310 0006 0B       		.uleb128 0xb
 311 0007 03       		.uleb128 0x3
 312 0008 0E       		.uleb128 0xe
 313 0009 1B       		.uleb128 0x1b
 314 000a 0E       		.uleb128 0xe
 315 000b 55       		.uleb128 0x55
 316 000c 17       		.uleb128 0x17
 317 000d 11       		.uleb128 0x11
 318 000e 01       		.uleb128 0x1
 319 000f 10       		.uleb128 0x10
 320 0010 17       		.uleb128 0x17
 321 0011 00       		.byte	0
 322 0012 00       		.byte	0
 323 0013 02       		.uleb128 0x2
 324 0014 24       		.uleb128 0x24
 325 0015 00       		.byte	0
 326 0016 0B       		.uleb128 0xb
 327 0017 0B       		.uleb128 0xb
 328 0018 3E       		.uleb128 0x3e
 329 0019 0B       		.uleb128 0xb
 330 001a 03       		.uleb128 0x3
 331 001b 0E       		.uleb128 0xe
 332 001c 00       		.byte	0
 333 001d 00       		.byte	0
 334 001e 03       		.uleb128 0x3
 335 001f 24       		.uleb128 0x24
 336 0020 00       		.byte	0
 337 0021 0B       		.uleb128 0xb
 338 0022 0B       		.uleb128 0xb
 339 0023 3E       		.uleb128 0x3e
 340 0024 0B       		.uleb128 0xb
 341 0025 03       		.uleb128 0x3
 342 0026 08       		.uleb128 0x8
 343 0027 00       		.byte	0
 344 0028 00       		.byte	0
 345 0029 04       		.uleb128 0x4
 346 002a 16       		.uleb128 0x16
 347 002b 00       		.byte	0
 348 002c 03       		.uleb128 0x3
 349 002d 0E       		.uleb128 0xe
 350 002e 3A       		.uleb128 0x3a
 351 002f 0B       		.uleb128 0xb
 352 0030 3B       		.uleb128 0x3b
 353 0031 05       		.uleb128 0x5
 354 0032 49       		.uleb128 0x49
 355 0033 13       		.uleb128 0x13
 356 0034 00       		.byte	0
 357 0035 00       		.byte	0
 358 0036 05       		.uleb128 0x5
 359 0037 35       		.uleb128 0x35
 360 0038 00       		.byte	0
 361 0039 49       		.uleb128 0x49
 362 003a 13       		.uleb128 0x13
ARM GAS  C:\Users\Kiwi\AppData\Local\Temp\cc51fWkw.s 			page 10


 363 003b 00       		.byte	0
 364 003c 00       		.byte	0
 365 003d 06       		.uleb128 0x6
 366 003e 2E       		.uleb128 0x2e
 367 003f 01       		.byte	0x1
 368 0040 3F       		.uleb128 0x3f
 369 0041 19       		.uleb128 0x19
 370 0042 03       		.uleb128 0x3
 371 0043 0E       		.uleb128 0xe
 372 0044 3A       		.uleb128 0x3a
 373 0045 0B       		.uleb128 0xb
 374 0046 3B       		.uleb128 0x3b
 375 0047 0B       		.uleb128 0xb
 376 0048 27       		.uleb128 0x27
 377 0049 19       		.uleb128 0x19
 378 004a 11       		.uleb128 0x11
 379 004b 01       		.uleb128 0x1
 380 004c 12       		.uleb128 0x12
 381 004d 06       		.uleb128 0x6
 382 004e 40       		.uleb128 0x40
 383 004f 18       		.uleb128 0x18
 384 0050 9742     		.uleb128 0x2117
 385 0052 19       		.uleb128 0x19
 386 0053 01       		.uleb128 0x1
 387 0054 13       		.uleb128 0x13
 388 0055 00       		.byte	0
 389 0056 00       		.byte	0
 390 0057 07       		.uleb128 0x7
 391 0058 05       		.uleb128 0x5
 392 0059 00       		.byte	0
 393 005a 03       		.uleb128 0x3
 394 005b 0E       		.uleb128 0xe
 395 005c 3A       		.uleb128 0x3a
 396 005d 0B       		.uleb128 0xb
 397 005e 3B       		.uleb128 0x3b
 398 005f 0B       		.uleb128 0xb
 399 0060 49       		.uleb128 0x49
 400 0061 13       		.uleb128 0x13
 401 0062 02       		.uleb128 0x2
 402 0063 18       		.uleb128 0x18
 403 0064 00       		.byte	0
 404 0065 00       		.byte	0
 405 0066 08       		.uleb128 0x8
 406 0067 34       		.uleb128 0x34
 407 0068 00       		.byte	0
 408 0069 03       		.uleb128 0x3
 409 006a 0E       		.uleb128 0xe
 410 006b 3A       		.uleb128 0x3a
 411 006c 0B       		.uleb128 0xb
 412 006d 3B       		.uleb128 0x3b
 413 006e 0B       		.uleb128 0xb
 414 006f 49       		.uleb128 0x49
 415 0070 13       		.uleb128 0x13
 416 0071 1C       		.uleb128 0x1c
 417 0072 0B       		.uleb128 0xb
 418 0073 00       		.byte	0
 419 0074 00       		.byte	0
ARM GAS  C:\Users\Kiwi\AppData\Local\Temp\cc51fWkw.s 			page 11


 420 0075 09       		.uleb128 0x9
 421 0076 05       		.uleb128 0x5
 422 0077 00       		.byte	0
 423 0078 03       		.uleb128 0x3
 424 0079 0E       		.uleb128 0xe
 425 007a 3A       		.uleb128 0x3a
 426 007b 0B       		.uleb128 0xb
 427 007c 3B       		.uleb128 0x3b
 428 007d 0B       		.uleb128 0xb
 429 007e 49       		.uleb128 0x49
 430 007f 13       		.uleb128 0x13
 431 0080 02       		.uleb128 0x2
 432 0081 17       		.uleb128 0x17
 433 0082 00       		.byte	0
 434 0083 00       		.byte	0
 435 0084 0A       		.uleb128 0xa
 436 0085 2E       		.uleb128 0x2e
 437 0086 00       		.byte	0
 438 0087 3F       		.uleb128 0x3f
 439 0088 19       		.uleb128 0x19
 440 0089 03       		.uleb128 0x3
 441 008a 0E       		.uleb128 0xe
 442 008b 3A       		.uleb128 0x3a
 443 008c 0B       		.uleb128 0xb
 444 008d 3B       		.uleb128 0x3b
 445 008e 0B       		.uleb128 0xb
 446 008f 27       		.uleb128 0x27
 447 0090 19       		.uleb128 0x19
 448 0091 49       		.uleb128 0x49
 449 0092 13       		.uleb128 0x13
 450 0093 11       		.uleb128 0x11
 451 0094 01       		.uleb128 0x1
 452 0095 12       		.uleb128 0x12
 453 0096 06       		.uleb128 0x6
 454 0097 40       		.uleb128 0x40
 455 0098 18       		.uleb128 0x18
 456 0099 9742     		.uleb128 0x2117
 457 009b 19       		.uleb128 0x19
 458 009c 00       		.byte	0
 459 009d 00       		.byte	0
 460 009e 00       		.byte	0
 461              		.section	.debug_loc,"",%progbits
 462              	.Ldebug_loc0:
 463              	.LLST0:
 464 0000 00000000 		.4byte	.LVL2
 465 0004 06000000 		.4byte	.LVL3
 466 0008 0100     		.2byte	0x1
 467 000a 50       		.byte	0x50
 468 000b 06000000 		.4byte	.LVL3
 469 000f 5C000000 		.4byte	.LFE1
 470 0013 0400     		.2byte	0x4
 471 0015 F3       		.byte	0xf3
 472 0016 01       		.uleb128 0x1
 473 0017 50       		.byte	0x50
 474 0018 9F       		.byte	0x9f
 475 0019 00000000 		.4byte	0
 476 001d 00000000 		.4byte	0
ARM GAS  C:\Users\Kiwi\AppData\Local\Temp\cc51fWkw.s 			page 12


 477              		.section	.debug_aranges,"",%progbits
 478 0000 34000000 		.4byte	0x34
 479 0004 0200     		.2byte	0x2
 480 0006 00000000 		.4byte	.Ldebug_info0
 481 000a 04       		.byte	0x4
 482 000b 00       		.byte	0
 483 000c 0000     		.2byte	0
 484 000e 0000     		.2byte	0
 485 0010 00000000 		.4byte	.LFB0
 486 0014 0C000000 		.4byte	.LFE0-.LFB0
 487 0018 00000000 		.4byte	.LFB1
 488 001c 5C000000 		.4byte	.LFE1-.LFB1
 489 0020 00000000 		.4byte	.LFB2
 490 0024 0C000000 		.4byte	.LFE2-.LFB2
 491 0028 00000000 		.4byte	.LFB3
 492 002c 0C000000 		.4byte	.LFE3-.LFB3
 493 0030 00000000 		.4byte	0
 494 0034 00000000 		.4byte	0
 495              		.section	.debug_ranges,"",%progbits
 496              	.Ldebug_ranges0:
 497 0000 00000000 		.4byte	.LFB0
 498 0004 0C000000 		.4byte	.LFE0
 499 0008 00000000 		.4byte	.LFB1
 500 000c 5C000000 		.4byte	.LFE1
 501 0010 00000000 		.4byte	.LFB2
 502 0014 0C000000 		.4byte	.LFE2
 503 0018 00000000 		.4byte	.LFB3
 504 001c 0C000000 		.4byte	.LFE3
 505 0020 00000000 		.4byte	0
 506 0024 00000000 		.4byte	0
 507              		.section	.debug_line,"",%progbits
 508              	.Ldebug_line0:
 509 0000 93000000 		.section	.debug_str,"MS",%progbits,1
 509      02004000 
 509      00000201 
 509      FB0E0D00 
 509      01010101 
 510              	.LASF16:
 511 0000 76616C75 		.ascii	"value\000"
 511      6500
 512              	.LASF18:
 513 0006 4474615F 		.ascii	"Dta_Read\000"
 513      52656164 
 513      00
 514              	.LASF23:
 515 000f 73746174 		.ascii	"staticBits\000"
 515      69634269 
 515      747300
 516              	.LASF22:
 517 001a 433A5C55 		.ascii	"C:\\Users\\Kiwi\\Documents\\PSoC Creator\\DTR-1 v2 "
 517      73657273 
 517      5C4B6977 
 517      695C446F 
 517      63756D65 
 518 0048 48572E63 		.ascii	"HW.cydsn\000"
 518      7964736E 
 518      00
ARM GAS  C:\Users\Kiwi\AppData\Local\Temp\cc51fWkw.s 			page 13


 519              	.LASF21:
 520 0051 47656E65 		.ascii	"Generated_Source\\PSoC5\\Dta.c\000"
 520      72617465 
 520      645F536F 
 520      75726365 
 520      5C50536F 
 521              	.LASF9:
 522 006e 666C6F61 		.ascii	"float\000"
 522      7400
 523              	.LASF7:
 524 0074 6C6F6E67 		.ascii	"long long unsigned int\000"
 524      206C6F6E 
 524      6720756E 
 524      7369676E 
 524      65642069 
 525              	.LASF19:
 526 008b 4474615F 		.ascii	"Dta_ReadDataReg\000"
 526      52656164 
 526      44617461 
 526      52656700 
 527              	.LASF1:
 528 009b 756E7369 		.ascii	"unsigned char\000"
 528      676E6564 
 528      20636861 
 528      7200
 529              	.LASF13:
 530 00a9 72656738 		.ascii	"reg8\000"
 530      00
 531              	.LASF5:
 532 00ae 6C6F6E67 		.ascii	"long unsigned int\000"
 532      20756E73 
 532      69676E65 
 532      6420696E 
 532      7400
 533              	.LASF3:
 534 00c0 73686F72 		.ascii	"short unsigned int\000"
 534      7420756E 
 534      7369676E 
 534      65642069 
 534      6E7400
 535              	.LASF10:
 536 00d3 646F7562 		.ascii	"double\000"
 536      6C6500
 537              	.LASF8:
 538 00da 756E7369 		.ascii	"unsigned int\000"
 538      676E6564 
 538      20696E74 
 538      00
 539              	.LASF20:
 540 00e7 474E5520 		.ascii	"GNU C11 5.4.1 20160609 (release) [ARM/embedded-5-br"
 540      43313120 
 540      352E342E 
 540      31203230 
 540      31363036 
 541 011a 616E6368 		.ascii	"anch revision 237715] -mcpu=cortex-m3 -mthumb -g -O"
 541      20726576 
 541      6973696F 
ARM GAS  C:\Users\Kiwi\AppData\Local\Temp\cc51fWkw.s 			page 14


 541      6E203233 
 541      37373135 
 542 014d 73202D66 		.ascii	"s -ffunction-sections -ffat-lto-objects\000"
 542      66756E63 
 542      74696F6E 
 542      2D736563 
 542      74696F6E 
 543              	.LASF17:
 544 0175 6D6F6465 		.ascii	"mode\000"
 544      00
 545              	.LASF14:
 546 017a 4474615F 		.ascii	"Dta_Write\000"
 546      57726974 
 546      6500
 547              	.LASF6:
 548 0184 6C6F6E67 		.ascii	"long long int\000"
 548      206C6F6E 
 548      6720696E 
 548      7400
 549              	.LASF11:
 550 0192 63686172 		.ascii	"char\000"
 550      00
 551              	.LASF2:
 552 0197 73686F72 		.ascii	"short int\000"
 552      7420696E 
 552      7400
 553              	.LASF12:
 554 01a1 75696E74 		.ascii	"uint8\000"
 554      3800
 555              	.LASF15:
 556 01a7 4474615F 		.ascii	"Dta_SetDriveMode\000"
 556      53657444 
 556      72697665 
 556      4D6F6465 
 556      00
 557              	.LASF4:
 558 01b8 6C6F6E67 		.ascii	"long int\000"
 558      20696E74 
 558      00
 559              	.LASF0:
 560 01c1 7369676E 		.ascii	"signed char\000"
 560      65642063 
 560      68617200 
 561              		.ident	"GCC: (GNU Tools for ARM Embedded Processors) 5.4.1 20160609 (release) [ARM/embedded-5-bran
