ARM GAS  C:\Users\Kiwi\AppData\Local\Temp\cc2oSWZv.s 			page 1


   1              		.syntax unified
   2              		.cpu cortex-m3
   3              		.fpu softvfp
   4              		.eabi_attribute 20, 1
   5              		.eabi_attribute 21, 1
   6              		.eabi_attribute 23, 3
   7              		.eabi_attribute 24, 1
   8              		.eabi_attribute 25, 1
   9              		.eabi_attribute 26, 1
  10              		.eabi_attribute 30, 4
  11              		.eabi_attribute 34, 1
  12              		.eabi_attribute 18, 4
  13              		.thumb
  14              		.syntax unified
  15              		.file	"USBUART_descr.c"
  16              		.text
  17              	.Ltext0:
  18              		.cfi_sections	.debug_frame
  19              		.comm	USBUART_idSerialNumberStringDescriptor,34,1
  20              		.global	USBUART_TABLE
  21              		.global	USBUART_DEVICE0_TABLE
  22              		.global	USBUART_DEVICE0_CONFIGURATION0_TABLE
  23              		.global	USBUART_DEVICE0_CONFIGURATION0_INTERFACE_CLASS
  24              		.global	USBUART_DEVICE0_CONFIGURATION0_EP_SETTINGS_TABLE
  25              		.global	USBUART_SN_STRING_DESCRIPTOR
  26              		.global	USBUART_STRING_DESCRIPTORS
  27              		.global	USBUART_DEVICE0_CONFIGURATION0_DESCR
  28              		.global	USBUART_DEVICE0_DESCR
  29              		.section	.rodata
  30              		.align	2
  31              		.type	USBUART_TABLE, %object
  32              		.size	USBUART_TABLE, 8
  33              	USBUART_TABLE:
  34 0000 01       		.byte	1
  35 0001 000000   		.space	3
  36 0004 00000000 		.word	USBUART_DEVICE0_TABLE
  37              		.type	USBUART_DEVICE0_TABLE, %object
  38              		.size	USBUART_DEVICE0_TABLE, 24
  39              	USBUART_DEVICE0_TABLE:
  40 0008 01       		.byte	1
  41 0009 000000   		.space	3
  42 000c 00000000 		.word	USBUART_DEVICE0_DESCR
  43 0010 00       		.byte	0
  44 0011 000000   		.space	3
  45 0014 00000000 		.word	0
  46 0018 01       		.byte	1
  47 0019 000000   		.space	3
  48 001c 00000000 		.word	USBUART_DEVICE0_CONFIGURATION0_TABLE
  49              		.type	USBUART_DEVICE0_CONFIGURATION0_TABLE, %object
  50              		.size	USBUART_DEVICE0_CONFIGURATION0_TABLE, 40
  51              	USBUART_DEVICE0_CONFIGURATION0_TABLE:
  52 0020 01       		.byte	1
  53 0021 000000   		.space	3
  54 0024 00000000 		.word	USBUART_DEVICE0_CONFIGURATION0_DESCR
  55 0028 03       		.byte	3
  56 0029 000000   		.space	3
  57 002c 00000000 		.word	USBUART_DEVICE0_CONFIGURATION0_EP_SETTINGS_TABLE
ARM GAS  C:\Users\Kiwi\AppData\Local\Temp\cc2oSWZv.s 			page 2


  58 0030 00       		.byte	0
  59 0031 000000   		.space	3
  60 0034 00000000 		.word	0
  61 0038 00       		.byte	0
  62 0039 000000   		.space	3
  63 003c 00000000 		.word	0
  64 0040 00       		.byte	0
  65 0041 000000   		.space	3
  66 0044 00000000 		.word	USBUART_DEVICE0_CONFIGURATION0_INTERFACE_CLASS
  67              		.type	USBUART_DEVICE0_CONFIGURATION0_INTERFACE_CLASS, %object
  68              		.size	USBUART_DEVICE0_CONFIGURATION0_INTERFACE_CLASS, 2
  69              	USBUART_DEVICE0_CONFIGURATION0_INTERFACE_CLASS:
  70 0048 02       		.byte	2
  71 0049 0A       		.byte	10
  72              		.type	USBUART_DEVICE0_CONFIGURATION0_EP_SETTINGS_TABLE, %object
  73              		.size	USBUART_DEVICE0_CONFIGURATION0_EP_SETTINGS_TABLE, 24
  74              	USBUART_DEVICE0_CONFIGURATION0_EP_SETTINGS_TABLE:
  75 004a 00       		.byte	0
  76 004b 00       		.byte	0
  77 004c 81       		.byte	-127
  78 004d 03       		.byte	3
  79 004e 0800     		.short	8
  80 0050 02       		.byte	2
  81 0051 00       		.space	1
  82 0052 01       		.byte	1
  83 0053 00       		.byte	0
  84 0054 82       		.byte	-126
  85 0055 02       		.byte	2
  86 0056 4000     		.short	64
  87 0058 0A       		.byte	10
  88 0059 00       		.space	1
  89 005a 01       		.byte	1
  90 005b 00       		.byte	0
  91 005c 03       		.byte	3
  92 005d 02       		.byte	2
  93 005e 4000     		.short	64
  94 0060 0A       		.byte	10
  95 0061 00       		.space	1
  96              		.type	USBUART_SN_STRING_DESCRIPTOR, %object
  97              		.size	USBUART_SN_STRING_DESCRIPTOR, 2
  98              	USBUART_SN_STRING_DESCRIPTOR:
  99 0062 02       		.byte	2
 100 0063 03       		.byte	3
 101              		.type	USBUART_STRING_DESCRIPTORS, %object
 102              		.size	USBUART_STRING_DESCRIPTORS, 159
 103              	USBUART_STRING_DESCRIPTORS:
 104 0064 04       		.byte	4
 105 0065 03       		.byte	3
 106 0066 09       		.byte	9
 107 0067 04       		.byte	4
 108 0068 2C       		.byte	44
 109 0069 03       		.byte	3
 110 006a 43       		.byte	67
 111 006b 00       		.byte	0
 112 006c 79       		.byte	121
 113 006d 00       		.byte	0
 114 006e 70       		.byte	112
ARM GAS  C:\Users\Kiwi\AppData\Local\Temp\cc2oSWZv.s 			page 3


 115 006f 00       		.byte	0
 116 0070 72       		.byte	114
 117 0071 00       		.byte	0
 118 0072 65       		.byte	101
 119 0073 00       		.byte	0
 120 0074 73       		.byte	115
 121 0075 00       		.byte	0
 122 0076 73       		.byte	115
 123 0077 00       		.byte	0
 124 0078 20       		.byte	32
 125 0079 00       		.byte	0
 126 007a 53       		.byte	83
 127 007b 00       		.byte	0
 128 007c 65       		.byte	101
 129 007d 00       		.byte	0
 130 007e 6D       		.byte	109
 131 007f 00       		.byte	0
 132 0080 69       		.byte	105
 133 0081 00       		.byte	0
 134 0082 63       		.byte	99
 135 0083 00       		.byte	0
 136 0084 6F       		.byte	111
 137 0085 00       		.byte	0
 138 0086 6E       		.byte	110
 139 0087 00       		.byte	0
 140 0088 64       		.byte	100
 141 0089 00       		.byte	0
 142 008a 75       		.byte	117
 143 008b 00       		.byte	0
 144 008c 63       		.byte	99
 145 008d 00       		.byte	0
 146 008e 74       		.byte	116
 147 008f 00       		.byte	0
 148 0090 6F       		.byte	111
 149 0091 00       		.byte	0
 150 0092 72       		.byte	114
 151 0093 00       		.byte	0
 152 0094 10       		.byte	16
 153 0095 03       		.byte	3
 154 0096 55       		.byte	85
 155 0097 00       		.byte	0
 156 0098 53       		.byte	83
 157 0099 00       		.byte	0
 158 009a 42       		.byte	66
 159 009b 00       		.byte	0
 160 009c 55       		.byte	85
 161 009d 00       		.byte	0
 162 009e 41       		.byte	65
 163 009f 00       		.byte	0
 164 00a0 52       		.byte	82
 165 00a1 00       		.byte	0
 166 00a2 54       		.byte	84
 167 00a3 00       		.byte	0
 168 00a4 38       		.byte	56
 169 00a5 03       		.byte	3
 170 00a6 43       		.byte	67
 171 00a7 00       		.byte	0
ARM GAS  C:\Users\Kiwi\AppData\Local\Temp\cc2oSWZv.s 			page 4


 172 00a8 44       		.byte	68
 173 00a9 00       		.byte	0
 174 00aa 43       		.byte	67
 175 00ab 00       		.byte	0
 176 00ac 20       		.byte	32
 177 00ad 00       		.byte	0
 178 00ae 43       		.byte	67
 179 00af 00       		.byte	0
 180 00b0 6F       		.byte	111
 181 00b1 00       		.byte	0
 182 00b2 6D       		.byte	109
 183 00b3 00       		.byte	0
 184 00b4 6D       		.byte	109
 185 00b5 00       		.byte	0
 186 00b6 75       		.byte	117
 187 00b7 00       		.byte	0
 188 00b8 6E       		.byte	110
 189 00b9 00       		.byte	0
 190 00ba 69       		.byte	105
 191 00bb 00       		.byte	0
 192 00bc 63       		.byte	99
 193 00bd 00       		.byte	0
 194 00be 61       		.byte	97
 195 00bf 00       		.byte	0
 196 00c0 74       		.byte	116
 197 00c1 00       		.byte	0
 198 00c2 69       		.byte	105
 199 00c3 00       		.byte	0
 200 00c4 6F       		.byte	111
 201 00c5 00       		.byte	0
 202 00c6 6E       		.byte	110
 203 00c7 00       		.byte	0
 204 00c8 20       		.byte	32
 205 00c9 00       		.byte	0
 206 00ca 49       		.byte	73
 207 00cb 00       		.byte	0
 208 00cc 6E       		.byte	110
 209 00cd 00       		.byte	0
 210 00ce 74       		.byte	116
 211 00cf 00       		.byte	0
 212 00d0 65       		.byte	101
 213 00d1 00       		.byte	0
 214 00d2 72       		.byte	114
 215 00d3 00       		.byte	0
 216 00d4 66       		.byte	102
 217 00d5 00       		.byte	0
 218 00d6 61       		.byte	97
 219 00d7 00       		.byte	0
 220 00d8 63       		.byte	99
 221 00d9 00       		.byte	0
 222 00da 65       		.byte	101
 223 00db 00       		.byte	0
 224 00dc 26       		.byte	38
 225 00dd 03       		.byte	3
 226 00de 43       		.byte	67
 227 00df 00       		.byte	0
 228 00e0 44       		.byte	68
ARM GAS  C:\Users\Kiwi\AppData\Local\Temp\cc2oSWZv.s 			page 5


 229 00e1 00       		.byte	0
 230 00e2 43       		.byte	67
 231 00e3 00       		.byte	0
 232 00e4 20       		.byte	32
 233 00e5 00       		.byte	0
 234 00e6 44       		.byte	68
 235 00e7 00       		.byte	0
 236 00e8 61       		.byte	97
 237 00e9 00       		.byte	0
 238 00ea 74       		.byte	116
 239 00eb 00       		.byte	0
 240 00ec 61       		.byte	97
 241 00ed 00       		.byte	0
 242 00ee 20       		.byte	32
 243 00ef 00       		.byte	0
 244 00f0 49       		.byte	73
 245 00f1 00       		.byte	0
 246 00f2 6E       		.byte	110
 247 00f3 00       		.byte	0
 248 00f4 74       		.byte	116
 249 00f5 00       		.byte	0
 250 00f6 65       		.byte	101
 251 00f7 00       		.byte	0
 252 00f8 72       		.byte	114
 253 00f9 00       		.byte	0
 254 00fa 66       		.byte	102
 255 00fb 00       		.byte	0
 256 00fc 61       		.byte	97
 257 00fd 00       		.byte	0
 258 00fe 63       		.byte	99
 259 00ff 00       		.byte	0
 260 0100 65       		.byte	101
 261 0101 00       		.byte	0
 262 0102 00       		.byte	0
 263              		.type	USBUART_DEVICE0_CONFIGURATION0_DESCR, %object
 264              		.size	USBUART_DEVICE0_CONFIGURATION0_DESCR, 67
 265              	USBUART_DEVICE0_CONFIGURATION0_DESCR:
 266 0103 09       		.byte	9
 267 0104 02       		.byte	2
 268 0105 43       		.byte	67
 269 0106 00       		.byte	0
 270 0107 02       		.byte	2
 271 0108 01       		.byte	1
 272 0109 01       		.byte	1
 273 010a 80       		.byte	-128
 274 010b 32       		.byte	50
 275 010c 09       		.byte	9
 276 010d 04       		.byte	4
 277 010e 00       		.byte	0
 278 010f 00       		.byte	0
 279 0110 01       		.byte	1
 280 0111 02       		.byte	2
 281 0112 02       		.byte	2
 282 0113 01       		.byte	1
 283 0114 03       		.byte	3
 284 0115 05       		.byte	5
 285 0116 24       		.byte	36
ARM GAS  C:\Users\Kiwi\AppData\Local\Temp\cc2oSWZv.s 			page 6


 286 0117 00       		.byte	0
 287 0118 10       		.byte	16
 288 0119 01       		.byte	1
 289 011a 04       		.byte	4
 290 011b 24       		.byte	36
 291 011c 02       		.byte	2
 292 011d 02       		.byte	2
 293 011e 05       		.byte	5
 294 011f 24       		.byte	36
 295 0120 06       		.byte	6
 296 0121 00       		.byte	0
 297 0122 01       		.byte	1
 298 0123 05       		.byte	5
 299 0124 24       		.byte	36
 300 0125 01       		.byte	1
 301 0126 00       		.byte	0
 302 0127 01       		.byte	1
 303 0128 07       		.byte	7
 304 0129 05       		.byte	5
 305 012a 81       		.byte	-127
 306 012b 03       		.byte	3
 307 012c 08       		.byte	8
 308 012d 00       		.byte	0
 309 012e 0A       		.byte	10
 310 012f 09       		.byte	9
 311 0130 04       		.byte	4
 312 0131 01       		.byte	1
 313 0132 00       		.byte	0
 314 0133 02       		.byte	2
 315 0134 0A       		.byte	10
 316 0135 00       		.byte	0
 317 0136 00       		.byte	0
 318 0137 04       		.byte	4
 319 0138 07       		.byte	7
 320 0139 05       		.byte	5
 321 013a 82       		.byte	-126
 322 013b 02       		.byte	2
 323 013c 40       		.byte	64
 324 013d 00       		.byte	0
 325 013e 00       		.byte	0
 326 013f 07       		.byte	7
 327 0140 05       		.byte	5
 328 0141 03       		.byte	3
 329 0142 02       		.byte	2
 330 0143 40       		.byte	64
 331 0144 00       		.byte	0
 332 0145 00       		.byte	0
 333              		.type	USBUART_DEVICE0_DESCR, %object
 334              		.size	USBUART_DEVICE0_DESCR, 18
 335              	USBUART_DEVICE0_DESCR:
 336 0146 12       		.byte	18
 337 0147 01       		.byte	1
 338 0148 00       		.byte	0
 339 0149 02       		.byte	2
 340 014a 02       		.byte	2
 341 014b 00       		.byte	0
 342 014c 00       		.byte	0
ARM GAS  C:\Users\Kiwi\AppData\Local\Temp\cc2oSWZv.s 			page 7


 343 014d 08       		.byte	8
 344 014e B4       		.byte	-76
 345 014f 04       		.byte	4
 346 0150 32       		.byte	50
 347 0151 F2       		.byte	-14
 348 0152 01       		.byte	1
 349 0153 00       		.byte	0
 350 0154 01       		.byte	1
 351 0155 02       		.byte	2
 352 0156 80       		.byte	-128
 353 0157 01       		.byte	1
 354              		.text
 355              	.Letext0:
 356              		.file 1 "Generated_Source\\PSoC5\\cytypes.h"
 357              		.file 2 "Generated_Source\\PSoC5\\USBUART.h"
 358              		.file 3 "Generated_Source\\PSoC5\\USBUART_descr.c"
 359              		.section	.debug_info,"",%progbits
 360              	.Ldebug_info0:
 361 0000 9F020000 		.4byte	0x29f
 362 0004 0400     		.2byte	0x4
 363 0006 00000000 		.4byte	.Ldebug_abbrev0
 364 000a 04       		.byte	0x4
 365 000b 01       		.uleb128 0x1
 366 000c 2B010000 		.4byte	.LASF35
 367 0010 0C       		.byte	0xc
 368 0011 E4020000 		.4byte	.LASF36
 369 0015 7B000000 		.4byte	.LASF37
 370 0019 00000000 		.4byte	.Ldebug_line0
 371 001d 02       		.uleb128 0x2
 372 001e 01       		.byte	0x1
 373 001f 06       		.byte	0x6
 374 0020 C5020000 		.4byte	.LASF0
 375 0024 02       		.uleb128 0x2
 376 0025 01       		.byte	0x1
 377 0026 08       		.byte	0x8
 378 0027 F6000000 		.4byte	.LASF1
 379 002b 02       		.uleb128 0x2
 380 002c 02       		.byte	0x2
 381 002d 05       		.byte	0x5
 382 002e 96020000 		.4byte	.LASF2
 383 0032 02       		.uleb128 0x2
 384 0033 02       		.byte	0x2
 385 0034 07       		.byte	0x7
 386 0035 D1020000 		.4byte	.LASF3
 387 0039 02       		.uleb128 0x2
 388 003a 04       		.byte	0x4
 389 003b 05       		.byte	0x5
 390 003c B0020000 		.4byte	.LASF4
 391 0040 02       		.uleb128 0x2
 392 0041 04       		.byte	0x4
 393 0042 07       		.byte	0x7
 394 0043 F1010000 		.4byte	.LASF5
 395 0047 02       		.uleb128 0x2
 396 0048 08       		.byte	0x8
 397 0049 05       		.byte	0x5
 398 004a 6A020000 		.4byte	.LASF6
 399 004e 02       		.uleb128 0x2
ARM GAS  C:\Users\Kiwi\AppData\Local\Temp\cc2oSWZv.s 			page 8


 400 004f 08       		.byte	0x8
 401 0050 07       		.byte	0x7
 402 0051 1E020000 		.4byte	.LASF7
 403 0055 03       		.uleb128 0x3
 404 0056 04       		.byte	0x4
 405 0057 05       		.byte	0x5
 406 0058 696E7400 		.ascii	"int\000"
 407 005c 02       		.uleb128 0x2
 408 005d 04       		.byte	0x4
 409 005e 07       		.byte	0x7
 410 005f 03020000 		.4byte	.LASF8
 411 0063 04       		.uleb128 0x4
 412 0064 A0020000 		.4byte	.LASF9
 413 0068 01       		.byte	0x1
 414 0069 E901     		.2byte	0x1e9
 415 006b 24000000 		.4byte	0x24
 416 006f 04       		.uleb128 0x4
 417 0070 EA010000 		.4byte	.LASF10
 418 0074 01       		.byte	0x1
 419 0075 EA01     		.2byte	0x1ea
 420 0077 32000000 		.4byte	0x32
 421 007b 02       		.uleb128 0x2
 422 007c 04       		.byte	0x4
 423 007d 04       		.byte	0x4
 424 007e C8000000 		.4byte	.LASF11
 425 0082 02       		.uleb128 0x2
 426 0083 08       		.byte	0x8
 427 0084 04       		.byte	0x4
 428 0085 E3010000 		.4byte	.LASF12
 429 0089 02       		.uleb128 0x2
 430 008a 01       		.byte	0x1
 431 008b 08       		.byte	0x8
 432 008c 78020000 		.4byte	.LASF13
 433 0090 02       		.uleb128 0x2
 434 0091 08       		.byte	0x8
 435 0092 04       		.byte	0x4
 436 0093 B9020000 		.4byte	.LASF14
 437 0097 02       		.uleb128 0x2
 438 0098 04       		.byte	0x4
 439 0099 07       		.byte	0x7
 440 009a 61020000 		.4byte	.LASF15
 441 009e 05       		.uleb128 0x5
 442 009f 08       		.byte	0x8
 443 00a0 02       		.byte	0x2
 444 00a1 9A       		.byte	0x9a
 445 00a2 EF000000 		.4byte	0xef
 446 00a6 06       		.uleb128 0x6
 447 00a7 A6020000 		.4byte	.LASF16
 448 00ab 02       		.byte	0x2
 449 00ac 9C       		.byte	0x9c
 450 00ad 63000000 		.4byte	0x63
 451 00b1 00       		.byte	0
 452 00b2 06       		.uleb128 0x6
 453 00b3 EB000000 		.4byte	.LASF17
 454 00b7 02       		.byte	0x2
 455 00b8 9D       		.byte	0x9d
 456 00b9 63000000 		.4byte	0x63
ARM GAS  C:\Users\Kiwi\AppData\Local\Temp\cc2oSWZv.s 			page 9


 457 00bd 01       		.byte	0x1
 458 00be 06       		.uleb128 0x6
 459 00bf B9010000 		.4byte	.LASF18
 460 00c3 02       		.byte	0x2
 461 00c4 9E       		.byte	0x9e
 462 00c5 63000000 		.4byte	0x63
 463 00c9 02       		.byte	0x2
 464 00ca 06       		.uleb128 0x6
 465 00cb 04010000 		.4byte	.LASF19
 466 00cf 02       		.byte	0x2
 467 00d0 9F       		.byte	0x9f
 468 00d1 63000000 		.4byte	0x63
 469 00d5 03       		.byte	0x3
 470 00d6 06       		.uleb128 0x6
 471 00d7 7D020000 		.4byte	.LASF20
 472 00db 02       		.byte	0x2
 473 00dc A0       		.byte	0xa0
 474 00dd 6F000000 		.4byte	0x6f
 475 00e1 04       		.byte	0x4
 476 00e2 06       		.uleb128 0x6
 477 00e3 21030000 		.4byte	.LASF21
 478 00e7 02       		.byte	0x2
 479 00e8 A1       		.byte	0xa1
 480 00e9 63000000 		.4byte	0x63
 481 00ed 06       		.byte	0x6
 482 00ee 00       		.byte	0
 483 00ef 07       		.uleb128 0x7
 484 00f0 0F010000 		.4byte	.LASF22
 485 00f4 02       		.byte	0x2
 486 00f5 A2       		.byte	0xa2
 487 00f6 9E000000 		.4byte	0x9e
 488 00fa 05       		.uleb128 0x5
 489 00fb 08       		.byte	0x8
 490 00fc 02       		.byte	0x2
 491 00fd B1       		.byte	0xb1
 492 00fe 19010000 		.4byte	0x119
 493 0102 08       		.uleb128 0x8
 494 0103 6300     		.ascii	"c\000"
 495 0105 02       		.byte	0x2
 496 0106 B3       		.byte	0xb3
 497 0107 63000000 		.4byte	0x63
 498 010b 00       		.byte	0
 499 010c 06       		.uleb128 0x6
 500 010d 5A020000 		.4byte	.LASF23
 501 0111 02       		.byte	0x2
 502 0112 B4       		.byte	0xb4
 503 0113 19010000 		.4byte	0x119
 504 0117 04       		.byte	0x4
 505 0118 00       		.byte	0
 506 0119 09       		.uleb128 0x9
 507 011a 04       		.byte	0x4
 508 011b 1F010000 		.4byte	0x11f
 509 011f 0A       		.uleb128 0xa
 510 0120 07       		.uleb128 0x7
 511 0121 10020000 		.4byte	.LASF24
 512 0125 02       		.byte	0x2
 513 0126 B5       		.byte	0xb5
ARM GAS  C:\Users\Kiwi\AppData\Local\Temp\cc2oSWZv.s 			page 10


 514 0127 FA000000 		.4byte	0xfa
 515 012b 0B       		.uleb128 0xb
 516 012c 3B010000 		.4byte	0x13b
 517 0130 3B010000 		.4byte	0x13b
 518 0134 0C       		.uleb128 0xc
 519 0135 97000000 		.4byte	0x97
 520 0139 11       		.byte	0x11
 521 013a 00       		.byte	0
 522 013b 0D       		.uleb128 0xd
 523 013c 63000000 		.4byte	0x63
 524 0140 0E       		.uleb128 0xe
 525 0141 B2000000 		.4byte	.LASF25
 526 0145 03       		.byte	0x3
 527 0146 24       		.byte	0x24
 528 0147 51010000 		.4byte	0x151
 529 014b 05       		.uleb128 0x5
 530 014c 03       		.byte	0x3
 531 014d 00000000 		.4byte	USBUART_DEVICE0_DESCR
 532 0151 0D       		.uleb128 0xd
 533 0152 2B010000 		.4byte	0x12b
 534 0156 0B       		.uleb128 0xb
 535 0157 3B010000 		.4byte	0x13b
 536 015b 66010000 		.4byte	0x166
 537 015f 0C       		.uleb128 0xc
 538 0160 97000000 		.4byte	0x97
 539 0164 42       		.byte	0x42
 540 0165 00       		.byte	0
 541 0166 0E       		.uleb128 0xe
 542 0167 35020000 		.4byte	.LASF26
 543 016b 03       		.byte	0x3
 544 016c 37       		.byte	0x37
 545 016d 77010000 		.4byte	0x177
 546 0171 05       		.uleb128 0x5
 547 0172 03       		.byte	0x3
 548 0173 00000000 		.4byte	USBUART_DEVICE0_CONFIGURATION0_DESCR
 549 0177 0D       		.uleb128 0xd
 550 0178 56010000 		.4byte	0x156
 551 017c 0B       		.uleb128 0xb
 552 017d 8C010000 		.4byte	0x18c
 553 0181 8C010000 		.4byte	0x18c
 554 0185 0C       		.uleb128 0xc
 555 0186 97000000 		.4byte	0x97
 556 018a 02       		.byte	0x2
 557 018b 00       		.byte	0
 558 018c 0D       		.uleb128 0xd
 559 018d EF000000 		.4byte	0xef
 560 0191 0E       		.uleb128 0xe
 561 0192 4A000000 		.4byte	.LASF27
 562 0196 03       		.byte	0x3
 563 0197 D8       		.byte	0xd8
 564 0198 A2010000 		.4byte	0x1a2
 565 019c 05       		.uleb128 0x5
 566 019d 03       		.byte	0x3
 567 019e 00000000 		.4byte	USBUART_DEVICE0_CONFIGURATION0_EP_SETTINGS_TABLE
 568 01a2 0D       		.uleb128 0xd
 569 01a3 7C010000 		.4byte	0x17c
 570 01a7 0B       		.uleb128 0xb
ARM GAS  C:\Users\Kiwi\AppData\Local\Temp\cc2oSWZv.s 			page 11


 571 01a8 3B010000 		.4byte	0x13b
 572 01ac B7010000 		.4byte	0x1b7
 573 01b0 0C       		.uleb128 0xc
 574 01b1 97000000 		.4byte	0x97
 575 01b5 01       		.byte	0x1
 576 01b6 00       		.byte	0
 577 01b7 0E       		.uleb128 0xe
 578 01b8 00000000 		.4byte	.LASF28
 579 01bc 03       		.byte	0x3
 580 01bd DE       		.byte	0xde
 581 01be C8010000 		.4byte	0x1c8
 582 01c2 05       		.uleb128 0x5
 583 01c3 03       		.byte	0x3
 584 01c4 00000000 		.4byte	USBUART_DEVICE0_CONFIGURATION0_INTERFACE_CLASS
 585 01c8 0D       		.uleb128 0xd
 586 01c9 A7010000 		.4byte	0x1a7
 587 01cd 0B       		.uleb128 0xb
 588 01ce DD010000 		.4byte	0x1dd
 589 01d2 DD010000 		.4byte	0x1dd
 590 01d6 0C       		.uleb128 0xc
 591 01d7 97000000 		.4byte	0x97
 592 01db 04       		.byte	0x4
 593 01dc 00       		.byte	0
 594 01dd 0D       		.uleb128 0xd
 595 01de 20010000 		.4byte	0x120
 596 01e2 0E       		.uleb128 0xe
 597 01e3 BE010000 		.4byte	.LASF29
 598 01e7 03       		.byte	0x3
 599 01e8 E6       		.byte	0xe6
 600 01e9 F3010000 		.4byte	0x1f3
 601 01ed 05       		.uleb128 0x5
 602 01ee 03       		.byte	0x3
 603 01ef 00000000 		.4byte	USBUART_DEVICE0_CONFIGURATION0_TABLE
 604 01f3 0D       		.uleb128 0xd
 605 01f4 CD010000 		.4byte	0x1cd
 606 01f8 0B       		.uleb128 0xb
 607 01f9 DD010000 		.4byte	0x1dd
 608 01fd 08020000 		.4byte	0x208
 609 0201 0C       		.uleb128 0xc
 610 0202 97000000 		.4byte	0x97
 611 0206 02       		.byte	0x2
 612 0207 00       		.byte	0
 613 0208 0E       		.uleb128 0xe
 614 0209 0B030000 		.4byte	.LASF30
 615 020d 03       		.byte	0x3
 616 020e F1       		.byte	0xf1
 617 020f 19020000 		.4byte	0x219
 618 0213 05       		.uleb128 0x5
 619 0214 03       		.byte	0x3
 620 0215 00000000 		.4byte	USBUART_DEVICE0_TABLE
 621 0219 0D       		.uleb128 0xd
 622 021a F8010000 		.4byte	0x1f8
 623 021e 0B       		.uleb128 0xb
 624 021f DD010000 		.4byte	0x1dd
 625 0223 2E020000 		.4byte	0x22e
 626 0227 0C       		.uleb128 0xc
 627 0228 97000000 		.4byte	0x97
ARM GAS  C:\Users\Kiwi\AppData\Local\Temp\cc2oSWZv.s 			page 12


 628 022c 00       		.byte	0
 629 022d 00       		.byte	0
 630 022e 0E       		.uleb128 0xe
 631 022f 88020000 		.4byte	.LASF31
 632 0233 03       		.byte	0x3
 633 0234 F9       		.byte	0xf9
 634 0235 3F020000 		.4byte	0x23f
 635 0239 05       		.uleb128 0x5
 636 023a 03       		.byte	0x3
 637 023b 00000000 		.4byte	USBUART_TABLE
 638 023f 0D       		.uleb128 0xd
 639 0240 1E020000 		.4byte	0x21e
 640 0244 0E       		.uleb128 0xe
 641 0245 CE000000 		.4byte	.LASF32
 642 0249 03       		.byte	0x3
 643 024a C9       		.byte	0xc9
 644 024b 55020000 		.4byte	0x255
 645 024f 05       		.uleb128 0x5
 646 0250 03       		.byte	0x3
 647 0251 00000000 		.4byte	USBUART_SN_STRING_DESCRIPTOR
 648 0255 0D       		.uleb128 0xd
 649 0256 A7010000 		.4byte	0x1a7
 650 025a 0B       		.uleb128 0xb
 651 025b 3B010000 		.4byte	0x13b
 652 025f 6A020000 		.4byte	0x26a
 653 0263 0C       		.uleb128 0xc
 654 0264 97000000 		.4byte	0x97
 655 0268 9E       		.byte	0x9e
 656 0269 00       		.byte	0
 657 026a 0E       		.uleb128 0xe
 658 026b 2F000000 		.4byte	.LASF33
 659 026f 03       		.byte	0x3
 660 0270 96       		.byte	0x96
 661 0271 7B020000 		.4byte	0x27b
 662 0275 05       		.uleb128 0x5
 663 0276 03       		.byte	0x3
 664 0277 00000000 		.4byte	USBUART_STRING_DESCRIPTORS
 665 027b 0D       		.uleb128 0xd
 666 027c 5A020000 		.4byte	0x25a
 667 0280 0B       		.uleb128 0xb
 668 0281 63000000 		.4byte	0x63
 669 0285 90020000 		.4byte	0x290
 670 0289 0C       		.uleb128 0xc
 671 028a 97000000 		.4byte	0x97
 672 028e 21       		.byte	0x21
 673 028f 00       		.byte	0
 674 0290 0F       		.uleb128 0xf
 675 0291 27030000 		.4byte	.LASF34
 676 0295 03       		.byte	0x3
 677 0296 2701     		.2byte	0x127
 678 0298 80020000 		.4byte	0x280
 679 029c 05       		.uleb128 0x5
 680 029d 03       		.byte	0x3
 681 029e 00000000 		.4byte	USBUART_idSerialNumberStringDescriptor
 682 02a2 00       		.byte	0
 683              		.section	.debug_abbrev,"",%progbits
 684              	.Ldebug_abbrev0:
ARM GAS  C:\Users\Kiwi\AppData\Local\Temp\cc2oSWZv.s 			page 13


 685 0000 01       		.uleb128 0x1
 686 0001 11       		.uleb128 0x11
 687 0002 01       		.byte	0x1
 688 0003 25       		.uleb128 0x25
 689 0004 0E       		.uleb128 0xe
 690 0005 13       		.uleb128 0x13
 691 0006 0B       		.uleb128 0xb
 692 0007 03       		.uleb128 0x3
 693 0008 0E       		.uleb128 0xe
 694 0009 1B       		.uleb128 0x1b
 695 000a 0E       		.uleb128 0xe
 696 000b 10       		.uleb128 0x10
 697 000c 17       		.uleb128 0x17
 698 000d 00       		.byte	0
 699 000e 00       		.byte	0
 700 000f 02       		.uleb128 0x2
 701 0010 24       		.uleb128 0x24
 702 0011 00       		.byte	0
 703 0012 0B       		.uleb128 0xb
 704 0013 0B       		.uleb128 0xb
 705 0014 3E       		.uleb128 0x3e
 706 0015 0B       		.uleb128 0xb
 707 0016 03       		.uleb128 0x3
 708 0017 0E       		.uleb128 0xe
 709 0018 00       		.byte	0
 710 0019 00       		.byte	0
 711 001a 03       		.uleb128 0x3
 712 001b 24       		.uleb128 0x24
 713 001c 00       		.byte	0
 714 001d 0B       		.uleb128 0xb
 715 001e 0B       		.uleb128 0xb
 716 001f 3E       		.uleb128 0x3e
 717 0020 0B       		.uleb128 0xb
 718 0021 03       		.uleb128 0x3
 719 0022 08       		.uleb128 0x8
 720 0023 00       		.byte	0
 721 0024 00       		.byte	0
 722 0025 04       		.uleb128 0x4
 723 0026 16       		.uleb128 0x16
 724 0027 00       		.byte	0
 725 0028 03       		.uleb128 0x3
 726 0029 0E       		.uleb128 0xe
 727 002a 3A       		.uleb128 0x3a
 728 002b 0B       		.uleb128 0xb
 729 002c 3B       		.uleb128 0x3b
 730 002d 05       		.uleb128 0x5
 731 002e 49       		.uleb128 0x49
 732 002f 13       		.uleb128 0x13
 733 0030 00       		.byte	0
 734 0031 00       		.byte	0
 735 0032 05       		.uleb128 0x5
 736 0033 13       		.uleb128 0x13
 737 0034 01       		.byte	0x1
 738 0035 0B       		.uleb128 0xb
 739 0036 0B       		.uleb128 0xb
 740 0037 3A       		.uleb128 0x3a
 741 0038 0B       		.uleb128 0xb
ARM GAS  C:\Users\Kiwi\AppData\Local\Temp\cc2oSWZv.s 			page 14


 742 0039 3B       		.uleb128 0x3b
 743 003a 0B       		.uleb128 0xb
 744 003b 01       		.uleb128 0x1
 745 003c 13       		.uleb128 0x13
 746 003d 00       		.byte	0
 747 003e 00       		.byte	0
 748 003f 06       		.uleb128 0x6
 749 0040 0D       		.uleb128 0xd
 750 0041 00       		.byte	0
 751 0042 03       		.uleb128 0x3
 752 0043 0E       		.uleb128 0xe
 753 0044 3A       		.uleb128 0x3a
 754 0045 0B       		.uleb128 0xb
 755 0046 3B       		.uleb128 0x3b
 756 0047 0B       		.uleb128 0xb
 757 0048 49       		.uleb128 0x49
 758 0049 13       		.uleb128 0x13
 759 004a 38       		.uleb128 0x38
 760 004b 0B       		.uleb128 0xb
 761 004c 00       		.byte	0
 762 004d 00       		.byte	0
 763 004e 07       		.uleb128 0x7
 764 004f 16       		.uleb128 0x16
 765 0050 00       		.byte	0
 766 0051 03       		.uleb128 0x3
 767 0052 0E       		.uleb128 0xe
 768 0053 3A       		.uleb128 0x3a
 769 0054 0B       		.uleb128 0xb
 770 0055 3B       		.uleb128 0x3b
 771 0056 0B       		.uleb128 0xb
 772 0057 49       		.uleb128 0x49
 773 0058 13       		.uleb128 0x13
 774 0059 00       		.byte	0
 775 005a 00       		.byte	0
 776 005b 08       		.uleb128 0x8
 777 005c 0D       		.uleb128 0xd
 778 005d 00       		.byte	0
 779 005e 03       		.uleb128 0x3
 780 005f 08       		.uleb128 0x8
 781 0060 3A       		.uleb128 0x3a
 782 0061 0B       		.uleb128 0xb
 783 0062 3B       		.uleb128 0x3b
 784 0063 0B       		.uleb128 0xb
 785 0064 49       		.uleb128 0x49
 786 0065 13       		.uleb128 0x13
 787 0066 38       		.uleb128 0x38
 788 0067 0B       		.uleb128 0xb
 789 0068 00       		.byte	0
 790 0069 00       		.byte	0
 791 006a 09       		.uleb128 0x9
 792 006b 0F       		.uleb128 0xf
 793 006c 00       		.byte	0
 794 006d 0B       		.uleb128 0xb
 795 006e 0B       		.uleb128 0xb
 796 006f 49       		.uleb128 0x49
 797 0070 13       		.uleb128 0x13
 798 0071 00       		.byte	0
ARM GAS  C:\Users\Kiwi\AppData\Local\Temp\cc2oSWZv.s 			page 15


 799 0072 00       		.byte	0
 800 0073 0A       		.uleb128 0xa
 801 0074 26       		.uleb128 0x26
 802 0075 00       		.byte	0
 803 0076 00       		.byte	0
 804 0077 00       		.byte	0
 805 0078 0B       		.uleb128 0xb
 806 0079 01       		.uleb128 0x1
 807 007a 01       		.byte	0x1
 808 007b 49       		.uleb128 0x49
 809 007c 13       		.uleb128 0x13
 810 007d 01       		.uleb128 0x1
 811 007e 13       		.uleb128 0x13
 812 007f 00       		.byte	0
 813 0080 00       		.byte	0
 814 0081 0C       		.uleb128 0xc
 815 0082 21       		.uleb128 0x21
 816 0083 00       		.byte	0
 817 0084 49       		.uleb128 0x49
 818 0085 13       		.uleb128 0x13
 819 0086 2F       		.uleb128 0x2f
 820 0087 0B       		.uleb128 0xb
 821 0088 00       		.byte	0
 822 0089 00       		.byte	0
 823 008a 0D       		.uleb128 0xd
 824 008b 26       		.uleb128 0x26
 825 008c 00       		.byte	0
 826 008d 49       		.uleb128 0x49
 827 008e 13       		.uleb128 0x13
 828 008f 00       		.byte	0
 829 0090 00       		.byte	0
 830 0091 0E       		.uleb128 0xe
 831 0092 34       		.uleb128 0x34
 832 0093 00       		.byte	0
 833 0094 03       		.uleb128 0x3
 834 0095 0E       		.uleb128 0xe
 835 0096 3A       		.uleb128 0x3a
 836 0097 0B       		.uleb128 0xb
 837 0098 3B       		.uleb128 0x3b
 838 0099 0B       		.uleb128 0xb
 839 009a 49       		.uleb128 0x49
 840 009b 13       		.uleb128 0x13
 841 009c 3F       		.uleb128 0x3f
 842 009d 19       		.uleb128 0x19
 843 009e 02       		.uleb128 0x2
 844 009f 18       		.uleb128 0x18
 845 00a0 00       		.byte	0
 846 00a1 00       		.byte	0
 847 00a2 0F       		.uleb128 0xf
 848 00a3 34       		.uleb128 0x34
 849 00a4 00       		.byte	0
 850 00a5 03       		.uleb128 0x3
 851 00a6 0E       		.uleb128 0xe
 852 00a7 3A       		.uleb128 0x3a
 853 00a8 0B       		.uleb128 0xb
 854 00a9 3B       		.uleb128 0x3b
 855 00aa 05       		.uleb128 0x5
ARM GAS  C:\Users\Kiwi\AppData\Local\Temp\cc2oSWZv.s 			page 16


 856 00ab 49       		.uleb128 0x49
 857 00ac 13       		.uleb128 0x13
 858 00ad 3F       		.uleb128 0x3f
 859 00ae 19       		.uleb128 0x19
 860 00af 02       		.uleb128 0x2
 861 00b0 18       		.uleb128 0x18
 862 00b1 00       		.byte	0
 863 00b2 00       		.byte	0
 864 00b3 00       		.byte	0
 865              		.section	.debug_aranges,"",%progbits
 866 0000 14000000 		.4byte	0x14
 867 0004 0200     		.2byte	0x2
 868 0006 00000000 		.4byte	.Ldebug_info0
 869 000a 04       		.byte	0x4
 870 000b 00       		.byte	0
 871 000c 0000     		.2byte	0
 872 000e 0000     		.2byte	0
 873 0010 00000000 		.4byte	0
 874 0014 00000000 		.4byte	0
 875              		.section	.debug_line,"",%progbits
 876              	.Ldebug_line0:
 877 0000 5D000000 		.section	.debug_str,"MS",%progbits,1
 877      02005700 
 877      00000201 
 877      FB0E0D00 
 877      01010101 
 878              	.LASF28:
 879 0000 55534255 		.ascii	"USBUART_DEVICE0_CONFIGURATION0_INTERFACE_CLASS\000"
 879      4152545F 
 879      44455649 
 879      4345305F 
 879      434F4E46 
 880              	.LASF33:
 881 002f 55534255 		.ascii	"USBUART_STRING_DESCRIPTORS\000"
 881      4152545F 
 881      53545249 
 881      4E475F44 
 881      45534352 
 882              	.LASF27:
 883 004a 55534255 		.ascii	"USBUART_DEVICE0_CONFIGURATION0_EP_SETTINGS_TABLE\000"
 883      4152545F 
 883      44455649 
 883      4345305F 
 883      434F4E46 
 884              	.LASF37:
 885 007b 433A5C55 		.ascii	"C:\\Users\\Kiwi\\Documents\\PSoC Creator\\DTR-1 v2 "
 885      73657273 
 885      5C4B6977 
 885      695C446F 
 885      63756D65 
 886 00a9 48572E63 		.ascii	"HW.cydsn\000"
 886      7964736E 
 886      00
 887              	.LASF25:
 888 00b2 55534255 		.ascii	"USBUART_DEVICE0_DESCR\000"
 888      4152545F 
 888      44455649 
ARM GAS  C:\Users\Kiwi\AppData\Local\Temp\cc2oSWZv.s 			page 17


 888      4345305F 
 888      44455343 
 889              	.LASF11:
 890 00c8 666C6F61 		.ascii	"float\000"
 890      7400
 891              	.LASF32:
 892 00ce 55534255 		.ascii	"USBUART_SN_STRING_DESCRIPTOR\000"
 892      4152545F 
 892      534E5F53 
 892      5452494E 
 892      475F4445 
 893              	.LASF17:
 894 00eb 616C7453 		.ascii	"altSetting\000"
 894      65747469 
 894      6E6700
 895              	.LASF1:
 896 00f6 756E7369 		.ascii	"unsigned char\000"
 896      676E6564 
 896      20636861 
 896      7200
 897              	.LASF19:
 898 0104 61747472 		.ascii	"attributes\000"
 898      69627574 
 898      657300
 899              	.LASF22:
 900 010f 545F5553 		.ascii	"T_USBUART_EP_SETTINGS_BLOCK\000"
 900      42554152 
 900      545F4550 
 900      5F534554 
 900      54494E47 
 901              	.LASF35:
 902 012b 474E5520 		.ascii	"GNU C11 5.4.1 20160609 (release) [ARM/embedded-5-br"
 902      43313120 
 902      352E342E 
 902      31203230 
 902      31363036 
 903 015e 616E6368 		.ascii	"anch revision 237715] -mcpu=cortex-m3 -mthumb -g -O"
 903      20726576 
 903      6973696F 
 903      6E203233 
 903      37373135 
 904 0191 73202D66 		.ascii	"s -ffunction-sections -ffat-lto-objects\000"
 904      66756E63 
 904      74696F6E 
 904      2D736563 
 904      74696F6E 
 905              	.LASF18:
 906 01b9 61646472 		.ascii	"addr\000"
 906      00
 907              	.LASF29:
 908 01be 55534255 		.ascii	"USBUART_DEVICE0_CONFIGURATION0_TABLE\000"
 908      4152545F 
 908      44455649 
 908      4345305F 
 908      434F4E46 
 909              	.LASF12:
 910 01e3 646F7562 		.ascii	"double\000"
ARM GAS  C:\Users\Kiwi\AppData\Local\Temp\cc2oSWZv.s 			page 18


 910      6C6500
 911              	.LASF10:
 912 01ea 75696E74 		.ascii	"uint16\000"
 912      313600
 913              	.LASF5:
 914 01f1 6C6F6E67 		.ascii	"long unsigned int\000"
 914      20756E73 
 914      69676E65 
 914      6420696E 
 914      7400
 915              	.LASF8:
 916 0203 756E7369 		.ascii	"unsigned int\000"
 916      676E6564 
 916      20696E74 
 916      00
 917              	.LASF24:
 918 0210 545F5553 		.ascii	"T_USBUART_LUT\000"
 918      42554152 
 918      545F4C55 
 918      5400
 919              	.LASF7:
 920 021e 6C6F6E67 		.ascii	"long long unsigned int\000"
 920      206C6F6E 
 920      6720756E 
 920      7369676E 
 920      65642069 
 921              	.LASF26:
 922 0235 55534255 		.ascii	"USBUART_DEVICE0_CONFIGURATION0_DESCR\000"
 922      4152545F 
 922      44455649 
 922      4345305F 
 922      434F4E46 
 923              	.LASF23:
 924 025a 705F6C69 		.ascii	"p_list\000"
 924      737400
 925              	.LASF15:
 926 0261 73697A65 		.ascii	"sizetype\000"
 926      74797065 
 926      00
 927              	.LASF6:
 928 026a 6C6F6E67 		.ascii	"long long int\000"
 928      206C6F6E 
 928      6720696E 
 928      7400
 929              	.LASF13:
 930 0278 63686172 		.ascii	"char\000"
 930      00
 931              	.LASF20:
 932 027d 62756666 		.ascii	"bufferSize\000"
 932      65725369 
 932      7A6500
 933              	.LASF31:
 934 0288 55534255 		.ascii	"USBUART_TABLE\000"
 934      4152545F 
 934      5441424C 
 934      4500
 935              	.LASF2:
ARM GAS  C:\Users\Kiwi\AppData\Local\Temp\cc2oSWZv.s 			page 19


 936 0296 73686F72 		.ascii	"short int\000"
 936      7420696E 
 936      7400
 937              	.LASF9:
 938 02a0 75696E74 		.ascii	"uint8\000"
 938      3800
 939              	.LASF16:
 940 02a6 696E7465 		.ascii	"interface\000"
 940      72666163 
 940      6500
 941              	.LASF4:
 942 02b0 6C6F6E67 		.ascii	"long int\000"
 942      20696E74 
 942      00
 943              	.LASF14:
 944 02b9 6C6F6E67 		.ascii	"long double\000"
 944      20646F75 
 944      626C6500 
 945              	.LASF0:
 946 02c5 7369676E 		.ascii	"signed char\000"
 946      65642063 
 946      68617200 
 947              	.LASF3:
 948 02d1 73686F72 		.ascii	"short unsigned int\000"
 948      7420756E 
 948      7369676E 
 948      65642069 
 948      6E7400
 949              	.LASF36:
 950 02e4 47656E65 		.ascii	"Generated_Source\\PSoC5\\USBUART_descr.c\000"
 950      72617465 
 950      645F536F 
 950      75726365 
 950      5C50536F 
 951              	.LASF30:
 952 030b 55534255 		.ascii	"USBUART_DEVICE0_TABLE\000"
 952      4152545F 
 952      44455649 
 952      4345305F 
 952      5441424C 
 953              	.LASF21:
 954 0321 624D6973 		.ascii	"bMisc\000"
 954      6300
 955              	.LASF34:
 956 0327 55534255 		.ascii	"USBUART_idSerialNumberStringDescriptor\000"
 956      4152545F 
 956      69645365 
 956      7269616C 
 956      4E756D62 
 957              		.ident	"GCC: (GNU Tools for ARM Embedded Processors) 5.4.1 20160609 (release) [ARM/embedded-5-bran
